<?xml version="1.0" encoding="UTF-8"?>
<!-- Generated by org.testng.reporters.JUnitXMLReporter -->
<testsuite hostname="DESKTOP-BPNON4T" ignored="0" name="Free Crm Application" tests="3" failures="0" timestamp="20 Aug 2020 14:20:33 GMT" time="40.23" errors="0">
  <testcase name="loginPageTitleTest" time="0.028" classname="com.crm.qa.testscases.LoginPageTest"/>
  <testcase name="clickOnCalenderLinkTest" time="2.463" classname="com.crm.qa.testscases.HomePageTest"/>
  <testcase name="selectMonthOnCalenderTest" time="0.46" classname="com.crm.qa.testscases.CalenderPageTest"/>
</testsuite> <!-- Free Crm Application -->
