<?xml version="1.0" encoding="UTF-8"?>
<!-- Generated by org.testng.reporters.JUnitXMLReporter -->
<testsuite hostname="DESKTOP-BPNON4T" ignored="0" name="Default test" tests="5" failures="0" timestamp="04 Nov 2020 15:05:36 GMT" time="61.596" errors="0">
  <testcase name="createNewContactsTest" time="2.134" classname="com.crm.qa.testscases.ContactsPageTest"/>
  <testcase name="createNewContactsTest" time="2.276" classname="com.crm.qa.testscases.ContactsPageTest"/>
  <testcase name="createNewContactsTest" time="2.358" classname="com.crm.qa.testscases.ContactsPageTest"/>
  <testcase name="selectContactDipakTest" time="0.626" classname="com.crm.qa.testscases.ContactsPageTest"/>
  <testcase name="selectContactManishTest" time="0.465" classname="com.crm.qa.testscases.ContactsPageTest"/>
</testsuite> <!-- Default test -->
