<?xml version="1.0" encoding="UTF-8"?>
<!-- Generated by org.testng.reporters.JUnitXMLReporter -->
<testsuite hostname="DESKTOP-BPNON4T" ignored="1" name="Test" tests="28" failures="1" timestamp="04 Nov 2020 14:28:02 GMT" time="327.867" errors="0">
  <testcase name="clickOnNewLinkTest" time="0.205" classname="com.crm.qa.testscases.CampaignsPageTest"/>
  <testcase name="selectContactDipakTest" time="0.885" classname="com.crm.qa.testscases.ContactsPageTest"/>
  <testcase name="loginPageTitleTest" time="0.008" classname="com.crm.qa.testscases.LoginPageTest"/>
  <testcase name="clickOnCheckBoxTest" time="0.285" classname="com.crm.qa.testscases.DealsPageTest"/>
  <testcase name="selectMonthOnCalenderTest" time="0.315" classname="com.crm.qa.testscases.CalenderPageTest"/>
  <testcase name="selectNameCheckBoxTest" time="0.258" classname="com.crm.qa.testscases.CompaniesPageTest"/>
  <testcase name="clickOnContactsLinkTest" time="2.362" classname="com.crm.qa.testscases.HomePageTest"/>
  <testcase name="selectContactManishTest" time="0.619" classname="com.crm.qa.testscases.ContactsPageTest"/>
  <testcase name="correctUserNameAndCorrectPasswordloginPageTest" time="1.409" classname="com.crm.qa.testscases.LoginPageTest"/>
  <testcase name="selectDeleteTest" time="0.366" classname="com.crm.qa.testscases.DealsPageTest"/>
  <testcase name="selectDeleteTest" time="0.247" classname="com.crm.qa.testscases.CompaniesPageTest"/>
  <testcase name="clickOnCompniesLinkTest" time="0.374" classname="com.crm.qa.testscases.HomePageTest"/>
  <testcase name="deleteContactsTest" time="2.192" classname="com.crm.qa.testscases.ContactsPageTest">
    <failure type="org.openqa.selenium.ElementClickInterceptedException" message="element click intercepted: Element &amp;lt;td class=&amp;quot;&amp;quot;&amp;gt;...&amp;lt;/td&amp;gt; is not clickable at point (349, 262). Other element would receive the click: &amp;lt;div class=&amp;quot;ui page modals dimmer transition visible active&amp;quot; style=&amp;quot;display: flex !important;&amp;quot;&amp;gt;...&amp;lt;/div&amp;gt;
  (Session info: chrome=86.0.4240.111)
Build info: version: &amp;apos;3.14.0&amp;apos;, revision: &amp;apos;aacccce0&amp;apos;, time: &amp;apos;2018-08-02T20:19:58.91Z&amp;apos;
System info: host: &amp;apos;DESKTOP-BPNON4T&amp;apos;, ip: &amp;apos;192.168.0.28&amp;apos;, os.name: &amp;apos;Windows 10&amp;apos;, os.arch: &amp;apos;amd64&amp;apos;, os.version: &amp;apos;10.0&amp;apos;, java.version: &amp;apos;1.8.0_241&amp;apos;
Driver info: org.openqa.selenium.chrome.ChromeDriver
Capabilities {acceptInsecureCerts: false, browserName: chrome, browserVersion: 86.0.4240.111, chrome: {chromedriverVersion: 85.0.4183.87 (cd6713ebf92fa..., userDataDir: C:\Users\hetal\AppData\Loca...}, goog:chromeOptions: {debuggerAddress: localhost:49835}, javascriptEnabled: true, networkConnectionEnabled: false, pageLoadStrategy: normal, platform: WINDOWS, platformName: WINDOWS, proxy: Proxy(), setWindowRect: true, strictFileInteractability: false, timeouts: {implicit: 0, pageLoad: 300000, script: 30000}, unhandledPromptBehavior: dismiss and notify, webauthn:virtualAuthenticators: true}
Session ID: 30e130f995f6d26a8fb7caca40f4f873">
      <![CDATA[org.openqa.selenium.ElementClickInterceptedException: element click intercepted: Element <td class="">...</td> is not clickable at point (349, 262). Other element would receive the click: <div class="ui page modals dimmer transition visible active" style="display: flex !important;">...</div>
  (Session info: chrome=86.0.4240.111)
Build info: version: '3.14.0', revision: 'aacccce0', time: '2018-08-02T20:19:58.91Z'
System info: host: 'DESKTOP-BPNON4T', ip: '192.168.0.28', os.name: 'Windows 10', os.arch: 'amd64', os.version: '10.0', java.version: '1.8.0_241'
Driver info: org.openqa.selenium.chrome.ChromeDriver
Capabilities {acceptInsecureCerts: false, browserName: chrome, browserVersion: 86.0.4240.111, chrome: {chromedriverVersion: 85.0.4183.87 (cd6713ebf92fa..., userDataDir: C:\Users\hetal\AppData\Loca...}, goog:chromeOptions: {debuggerAddress: localhost:49835}, javascriptEnabled: true, networkConnectionEnabled: false, pageLoadStrategy: normal, platform: WINDOWS, platformName: WINDOWS, proxy: Proxy(), setWindowRect: true, strictFileInteractability: false, timeouts: {implicit: 0, pageLoad: 300000, script: 30000}, unhandledPromptBehavior: dismiss and notify, webauthn:virtualAuthenticators: true}
Session ID: 30e130f995f6d26a8fb7caca40f4f873
	at org.openqa.selenium.remote.http.W3CHttpResponseCodec.createException(W3CHttpResponseCodec.java:187)
	at org.openqa.selenium.remote.http.W3CHttpResponseCodec.decode(W3CHttpResponseCodec.java:122)
	at org.openqa.selenium.remote.http.W3CHttpResponseCodec.decode(W3CHttpResponseCodec.java:49)
	at org.openqa.selenium.remote.HttpCommandExecutor.execute(HttpCommandExecutor.java:158)
	at org.openqa.selenium.remote.service.DriverCommandExecutor.execute(DriverCommandExecutor.java:83)
	at org.openqa.selenium.remote.RemoteWebDriver.execute(RemoteWebDriver.java:548)
	at org.openqa.selenium.remote.RemoteWebElement.execute(RemoteWebElement.java:276)
	at org.openqa.selenium.remote.RemoteWebElement.click(RemoteWebElement.java:83)
	at org.openqa.selenium.support.events.EventFiringWebDriver$EventFiringWebElement.lambda$new$0(EventFiringWebDriver.java:403)
	at com.sun.proxy.$Proxy13.click(Unknown Source)
	at org.openqa.selenium.support.events.EventFiringWebDriver$EventFiringWebElement.click(EventFiringWebDriver.java:416)
	at org.openqa.selenium.support.pagefactory.internal.LocatingElementHandler.invoke(LocatingElementHandler.java:51)
	at com.sun.proxy.$Proxy12.click(Unknown Source)
	at com.crm.qa.pages.ContactsPage.deleteContacts(ContactsPage.java:89)
	at com.crm.qa.testscases.ContactsPageTest.deleteContactsTest(ContactsPageTest.java:53)
	at java.util.concurrent.ThreadPoolExecutor.runWorker(ThreadPoolExecutor.java:1149)
	at java.util.concurrent.ThreadPoolExecutor$Worker.run(ThreadPoolExecutor.java:624)
	at java.lang.Thread.run(Thread.java:748)
... Removed 20 stack frames]]>
    </failure>
  </testcase> <!-- deleteContactsTest -->
  <testcase name="incorrectUserNameloginTest" time="0.458" classname="com.crm.qa.testscases.LoginPageTest"/>
  <testcase name="actionLabelCheckTest" time="0.128" classname="com.crm.qa.testscases.CompaniesPageTest"/>
  <testcase name="clickOnDealsLinkTest" time="0.311" classname="com.crm.qa.testscases.HomePageTest"/>
  <testcase name="createNewContactsTest" time="2.313" classname="com.crm.qa.testscases.ContactsPageTest"/>
  <testcase name="createNewContactsTest" time="2.242" classname="com.crm.qa.testscases.ContactsPageTest"/>
  <testcase name="createNewContactsTest" time="2.096" classname="com.crm.qa.testscases.ContactsPageTest"/>
  <testcase name="incorrectPasswordloginPageTest" time="0.468" classname="com.crm.qa.testscases.LoginPageTest"/>
  <testcase name="clickOnTasksLinkTest" time="0.376" classname="com.crm.qa.testscases.HomePageTest"/>
  <testcase name="SignUpPageTest" time="2.14" classname="com.crm.qa.testscases.LoginPageTest"/>
  <testcase name="clickOnCasesLinkTest" time="0.39" classname="com.crm.qa.testscases.HomePageTest"/>
  <testcase name="clickOnCallsLinkTest" time="0.454" classname="com.crm.qa.testscases.HomePageTest"/>
  <testcase name="clickOnDocumentsLinkPageTest" time="0.29" classname="com.crm.qa.testscases.HomePageTest"/>
  <testcase name="clickOnEmailLinkPageTest" time="0.299" classname="com.crm.qa.testscases.HomePageTest"/>
  <testcase name="clickOnCampaignLinkPageTest" time="0.345" classname="com.crm.qa.testscases.HomePageTest"/>
  <testcase name="clickOnFormsPageLinkTest" time="0.367" classname="com.crm.qa.testscases.HomePageTest"/>
  <testcase name="clickOnCalenderLinkTest" time="0.0" classname="com.crm.qa.testscases.HomePageTest">
    <ignored/>
  </testcase> <!-- clickOnCalenderLinkTest -->
</testsuite> <!-- Test -->
