<?xml version="1.0" encoding="UTF-8"?>
<!-- Generated by org.testng.reporters.JUnitXMLReporter -->
<testsuite hostname="DESKTOP-BPNON4T" ignored="1" name="Test" tests="25" failures="0" timestamp="31 Oct 2020 13:03:57 GMT" time="269.664" errors="0">
  <testcase name="clickOnNewLinkTest" time="0.293" classname="com.crm.qa.testscases.CampaignsPageTest"/>
  <testcase name="createNewContactsTest" time="2.112" classname="com.crm.qa.testscases.ContactsPageTest"/>
  <testcase name="createNewContactsTest" time="2.03" classname="com.crm.qa.testscases.ContactsPageTest"/>
  <testcase name="createNewContactsTest" time="2.597" classname="com.crm.qa.testscases.ContactsPageTest"/>
  <testcase name="loginPageTitleTest" time="0.009" classname="com.crm.qa.testscases.LoginPageTest"/>
  <testcase name="clickOnCheckBoxTest" time="0.163" classname="com.crm.qa.testscases.DealsPageTest"/>
  <testcase name="selectMonthOnCalenderTest" time="0.41" classname="com.crm.qa.testscases.CalenderPageTest"/>
  <testcase name="selectNameCheckBoxTest" time="0.132" classname="com.crm.qa.testscases.CompaniesPageTest"/>
  <testcase name="clickOnContactsLinkTest" time="2.38" classname="com.crm.qa.testscases.HomePageTest"/>
  <testcase name="correctUserNameAndCorrectPasswordloginPageTest" time="2.017" classname="com.crm.qa.testscases.LoginPageTest"/>
  <testcase name="selectDeleteTest" time="0.295" classname="com.crm.qa.testscases.DealsPageTest"/>
  <testcase name="selectDeleteTest" time="0.442" classname="com.crm.qa.testscases.CompaniesPageTest"/>
  <testcase name="clickOnCompniesLinkTest" time="0.282" classname="com.crm.qa.testscases.HomePageTest"/>
  <testcase name="incorrectUserNameloginTest" time="0.418" classname="com.crm.qa.testscases.LoginPageTest"/>
  <testcase name="actionLabelCheckTest" time="0.047" classname="com.crm.qa.testscases.CompaniesPageTest"/>
  <testcase name="clickOnDealsLinkTest" time="0.366" classname="com.crm.qa.testscases.HomePageTest"/>
  <testcase name="incorrectPasswordloginPageTest" time="0.434" classname="com.crm.qa.testscases.LoginPageTest"/>
  <testcase name="clickOnTasksLinkTest" time="0.541" classname="com.crm.qa.testscases.HomePageTest"/>
  <testcase name="SignUpPageTest" time="1.555" classname="com.crm.qa.testscases.LoginPageTest"/>
  <testcase name="clickOnCasesLinkTest" time="0.301" classname="com.crm.qa.testscases.HomePageTest"/>
  <testcase name="clickOnCallsLinkTest" time="0.262" classname="com.crm.qa.testscases.HomePageTest"/>
  <testcase name="clickOnDocumentsLinkPageTest" time="0.339" classname="com.crm.qa.testscases.HomePageTest"/>
  <testcase name="clickOnEmailLinkPageTest" time="0.383" classname="com.crm.qa.testscases.HomePageTest"/>
  <testcase name="clickOnCampaignLinkPageTest" time="0.528" classname="com.crm.qa.testscases.HomePageTest"/>
  <testcase name="clickOnFormsPageLinkTest" time="0.349" classname="com.crm.qa.testscases.HomePageTest"/>
  <testcase name="clickOnCalenderLinkTest" time="0.0" classname="com.crm.qa.testscases.HomePageTest">
    <ignored/>
  </testcase> <!-- clickOnCalenderLinkTest -->
</testsuite> <!-- Test -->
