<?xml version="1.0" encoding="UTF-8"?>
<!-- Generated by org.testng.reporters.JUnitXMLReporter -->
<testsuite hostname="DESKTOP-BPNON4T" ignored="1" name="Test" tests="25" failures="2" timestamp="05 Oct 2020 18:54:36 GMT" time="342.282" errors="0">
  <testcase name="clickOnNewLinkTest" time="0.235" classname="com.crm.qa.testscases.CampaignsPageTest"/>
  <testcase name="createNewContactsTest" time="2.168" classname="com.crm.qa.testscases.ContactsPageTest"/>
  <testcase name="createNewContactsTest" time="2.048" classname="com.crm.qa.testscases.ContactsPageTest"/>
  <testcase name="createNewContactsTest" time="2.589" classname="com.crm.qa.testscases.ContactsPageTest"/>
  <testcase name="loginPageTitleTest" time="0.009" classname="com.crm.qa.testscases.LoginPageTest"/>
  <testcase name="clickOnCheckBoxTest" time="0.176" classname="com.crm.qa.testscases.DealsPageTest"/>
  <testcase name="selectMonthOnCalenderTest" time="20.862" classname="com.crm.qa.testscases.CalenderPageTest">
    <failure type="org.openqa.selenium.NoSuchElementException" message="no such element: Unable to locate element: {&amp;quot;method&amp;quot;:&amp;quot;xpath&amp;quot;,&amp;quot;selector&amp;quot;:&amp;quot;//span[@class=&amp;apos;rbc-toolbar-label&amp;apos;][text()=&amp;apos;0002 Oct 02&amp;apos;]&amp;quot;}
  (Session info: chrome=85.0.4183.121)
For documentation on this error, please visit: http://seleniumhq.org/exceptions/no_such_element.html
Build info: version: &amp;apos;3.14.0&amp;apos;, revision: &amp;apos;aacccce0&amp;apos;, time: &amp;apos;2018-08-02T20:19:58.91Z&amp;apos;
System info: host: &amp;apos;DESKTOP-BPNON4T&amp;apos;, ip: &amp;apos;192.168.0.28&amp;apos;, os.name: &amp;apos;Windows 10&amp;apos;, os.arch: &amp;apos;amd64&amp;apos;, os.version: &amp;apos;10.0&amp;apos;, java.version: &amp;apos;1.8.0_241&amp;apos;
Driver info: org.openqa.selenium.chrome.ChromeDriver
Capabilities {acceptInsecureCerts: false, browserName: chrome, browserVersion: 85.0.4183.121, chrome: {chromedriverVersion: 85.0.4183.87 (cd6713ebf92fa..., userDataDir: C:\Users\hetal\AppData\Loca...}, goog:chromeOptions: {debuggerAddress: localhost:51992}, javascriptEnabled: true, networkConnectionEnabled: false, pageLoadStrategy: normal, platform: WINDOWS, platformName: WINDOWS, proxy: Proxy(), setWindowRect: true, strictFileInteractability: false, timeouts: {implicit: 0, pageLoad: 300000, script: 30000}, unhandledPromptBehavior: dismiss and notify, webauthn:virtualAuthenticators: true}
Session ID: 5d38b087e60ffcf1d6bb05e318f72b0e
*** Element info: {Using=xpath, value=//span[@class=&amp;apos;rbc-toolbar-label&amp;apos;][text()=&amp;apos;0002 Oct 02&amp;apos;]}">
      <![CDATA[org.openqa.selenium.NoSuchElementException: no such element: Unable to locate element: {"method":"xpath","selector":"//span[@class='rbc-toolbar-label'][text()='0002 Oct 02']"}
  (Session info: chrome=85.0.4183.121)
For documentation on this error, please visit: http://seleniumhq.org/exceptions/no_such_element.html
Build info: version: '3.14.0', revision: 'aacccce0', time: '2018-08-02T20:19:58.91Z'
System info: host: 'DESKTOP-BPNON4T', ip: '192.168.0.28', os.name: 'Windows 10', os.arch: 'amd64', os.version: '10.0', java.version: '1.8.0_241'
Driver info: org.openqa.selenium.chrome.ChromeDriver
Capabilities {acceptInsecureCerts: false, browserName: chrome, browserVersion: 85.0.4183.121, chrome: {chromedriverVersion: 85.0.4183.87 (cd6713ebf92fa..., userDataDir: C:\Users\hetal\AppData\Loca...}, goog:chromeOptions: {debuggerAddress: localhost:51992}, javascriptEnabled: true, networkConnectionEnabled: false, pageLoadStrategy: normal, platform: WINDOWS, platformName: WINDOWS, proxy: Proxy(), setWindowRect: true, strictFileInteractability: false, timeouts: {implicit: 0, pageLoad: 300000, script: 30000}, unhandledPromptBehavior: dismiss and notify, webauthn:virtualAuthenticators: true}
Session ID: 5d38b087e60ffcf1d6bb05e318f72b0e
*** Element info: {Using=xpath, value=//span[@class='rbc-toolbar-label'][text()='0002 Oct 02']}
	at org.openqa.selenium.remote.http.W3CHttpResponseCodec.createException(W3CHttpResponseCodec.java:187)
	at org.openqa.selenium.remote.http.W3CHttpResponseCodec.decode(W3CHttpResponseCodec.java:122)
	at org.openqa.selenium.remote.http.W3CHttpResponseCodec.decode(W3CHttpResponseCodec.java:49)
	at org.openqa.selenium.remote.HttpCommandExecutor.execute(HttpCommandExecutor.java:158)
	at org.openqa.selenium.remote.service.DriverCommandExecutor.execute(DriverCommandExecutor.java:83)
	at org.openqa.selenium.remote.RemoteWebDriver.execute(RemoteWebDriver.java:548)
	at org.openqa.selenium.remote.RemoteWebDriver.findElement(RemoteWebDriver.java:322)
	at org.openqa.selenium.remote.RemoteWebDriver.findElementByXPath(RemoteWebDriver.java:424)
	at org.openqa.selenium.By$ByXPath.findElement(By.java:353)
	at org.openqa.selenium.remote.RemoteWebDriver.findElement(RemoteWebDriver.java:314)
	at org.openqa.selenium.support.events.EventFiringWebDriver.lambda$new$1(EventFiringWebDriver.java:105)
	at com.sun.proxy.$Proxy8.findElement(Unknown Source)
	at org.openqa.selenium.support.events.EventFiringWebDriver.findElement(EventFiringWebDriver.java:194)
	at org.openqa.selenium.support.pagefactory.DefaultElementLocator.findElement(DefaultElementLocator.java:69)
	at org.openqa.selenium.support.pagefactory.internal.LocatingElementHandler.invoke(LocatingElementHandler.java:38)
	at com.sun.proxy.$Proxy12.isEnabled(Unknown Source)
	at com.crm.qa.pages.CalenderPage.selectMonthOnCalender(CalenderPage.java:38)
	at com.crm.qa.testscases.CalenderPageTest.selectMonthOnCalenderTest(CalenderPageTest.java:37)
	at java.util.concurrent.ThreadPoolExecutor.runWorker(ThreadPoolExecutor.java:1149)
	at java.util.concurrent.ThreadPoolExecutor$Worker.run(ThreadPoolExecutor.java:624)
	at java.lang.Thread.run(Thread.java:748)
... Removed 17 stack frames]]>
    </failure>
  </testcase> <!-- selectMonthOnCalenderTest -->
  <testcase name="selectNameCheckBoxTest" time="20.705" classname="com.crm.qa.testscases.CompaniesPageTest">
    <failure type="org.openqa.selenium.NoSuchElementException" message="no such element: Unable to locate element: {&amp;quot;method&amp;quot;:&amp;quot;xpath&amp;quot;,&amp;quot;selector&amp;quot;:&amp;quot;//td[text()=&amp;apos;DipakPatel&amp;apos;]&amp;quot;}
  (Session info: chrome=85.0.4183.121)
For documentation on this error, please visit: http://seleniumhq.org/exceptions/no_such_element.html
Build info: version: &amp;apos;3.14.0&amp;apos;, revision: &amp;apos;aacccce0&amp;apos;, time: &amp;apos;2018-08-02T20:19:58.91Z&amp;apos;
System info: host: &amp;apos;DESKTOP-BPNON4T&amp;apos;, ip: &amp;apos;192.168.0.28&amp;apos;, os.name: &amp;apos;Windows 10&amp;apos;, os.arch: &amp;apos;amd64&amp;apos;, os.version: &amp;apos;10.0&amp;apos;, java.version: &amp;apos;1.8.0_241&amp;apos;
Driver info: org.openqa.selenium.chrome.ChromeDriver
Capabilities {acceptInsecureCerts: false, browserName: chrome, browserVersion: 85.0.4183.121, chrome: {chromedriverVersion: 85.0.4183.87 (cd6713ebf92fa..., userDataDir: C:\Users\hetal\AppData\Loca...}, goog:chromeOptions: {debuggerAddress: localhost:52027}, javascriptEnabled: true, networkConnectionEnabled: false, pageLoadStrategy: normal, platform: WINDOWS, platformName: WINDOWS, proxy: Proxy(), setWindowRect: true, strictFileInteractability: false, timeouts: {implicit: 0, pageLoad: 300000, script: 30000}, unhandledPromptBehavior: dismiss and notify, webauthn:virtualAuthenticators: true}
Session ID: a30280af55b1b06710203f4637d9b30e
*** Element info: {Using=xpath, value=//td[text()=&amp;apos;DipakPatel&amp;apos;]}">
      <![CDATA[org.openqa.selenium.NoSuchElementException: no such element: Unable to locate element: {"method":"xpath","selector":"//td[text()='DipakPatel']"}
  (Session info: chrome=85.0.4183.121)
For documentation on this error, please visit: http://seleniumhq.org/exceptions/no_such_element.html
Build info: version: '3.14.0', revision: 'aacccce0', time: '2018-08-02T20:19:58.91Z'
System info: host: 'DESKTOP-BPNON4T', ip: '192.168.0.28', os.name: 'Windows 10', os.arch: 'amd64', os.version: '10.0', java.version: '1.8.0_241'
Driver info: org.openqa.selenium.chrome.ChromeDriver
Capabilities {acceptInsecureCerts: false, browserName: chrome, browserVersion: 85.0.4183.121, chrome: {chromedriverVersion: 85.0.4183.87 (cd6713ebf92fa..., userDataDir: C:\Users\hetal\AppData\Loca...}, goog:chromeOptions: {debuggerAddress: localhost:52027}, javascriptEnabled: true, networkConnectionEnabled: false, pageLoadStrategy: normal, platform: WINDOWS, platformName: WINDOWS, proxy: Proxy(), setWindowRect: true, strictFileInteractability: false, timeouts: {implicit: 0, pageLoad: 300000, script: 30000}, unhandledPromptBehavior: dismiss and notify, webauthn:virtualAuthenticators: true}
Session ID: a30280af55b1b06710203f4637d9b30e
*** Element info: {Using=xpath, value=//td[text()='DipakPatel']}
	at org.openqa.selenium.remote.http.W3CHttpResponseCodec.createException(W3CHttpResponseCodec.java:187)
	at org.openqa.selenium.remote.http.W3CHttpResponseCodec.decode(W3CHttpResponseCodec.java:122)
	at org.openqa.selenium.remote.http.W3CHttpResponseCodec.decode(W3CHttpResponseCodec.java:49)
	at org.openqa.selenium.remote.HttpCommandExecutor.execute(HttpCommandExecutor.java:158)
	at org.openqa.selenium.remote.service.DriverCommandExecutor.execute(DriverCommandExecutor.java:83)
	at org.openqa.selenium.remote.RemoteWebDriver.execute(RemoteWebDriver.java:548)
	at org.openqa.selenium.remote.RemoteWebDriver.findElement(RemoteWebDriver.java:322)
	at org.openqa.selenium.remote.RemoteWebDriver.findElementByXPath(RemoteWebDriver.java:424)
	at org.openqa.selenium.By$ByXPath.findElement(By.java:353)
	at org.openqa.selenium.remote.RemoteWebDriver.findElement(RemoteWebDriver.java:314)
	at org.openqa.selenium.support.events.EventFiringWebDriver.lambda$new$1(EventFiringWebDriver.java:105)
	at com.sun.proxy.$Proxy8.findElement(Unknown Source)
	at org.openqa.selenium.support.events.EventFiringWebDriver.findElement(EventFiringWebDriver.java:194)
	at org.openqa.selenium.support.pagefactory.DefaultElementLocator.findElement(DefaultElementLocator.java:69)
	at org.openqa.selenium.support.pagefactory.internal.LocatingElementHandler.invoke(LocatingElementHandler.java:38)
	at com.sun.proxy.$Proxy12.isEnabled(Unknown Source)
	at com.crm.qa.pages.CompaniesPage.selectNameCheckBox(CompaniesPage.java:51)
	at com.crm.qa.testscases.CompaniesPageTest.selectNameCheckBoxTest(CompaniesPageTest.java:39)
	at java.util.concurrent.ThreadPoolExecutor.runWorker(ThreadPoolExecutor.java:1149)
	at java.util.concurrent.ThreadPoolExecutor$Worker.run(ThreadPoolExecutor.java:624)
	at java.lang.Thread.run(Thread.java:748)
... Removed 17 stack frames]]>
    </failure>
  </testcase> <!-- selectNameCheckBoxTest -->
  <testcase name="clickOnContactsLinkTest" time="2.238" classname="com.crm.qa.testscases.HomePageTest"/>
  <testcase name="correctUserNameAndCorrectPasswordloginPageTest" time="1.391" classname="com.crm.qa.testscases.LoginPageTest"/>
  <testcase name="selectDeleteTest" time="0.353" classname="com.crm.qa.testscases.DealsPageTest"/>
  <testcase name="selectDeleteTest" time="0.255" classname="com.crm.qa.testscases.CompaniesPageTest"/>
  <testcase name="clickOnCompniesLinkTest" time="0.337" classname="com.crm.qa.testscases.HomePageTest"/>
  <testcase name="incorrectUserNameloginTest" time="0.425" classname="com.crm.qa.testscases.LoginPageTest"/>
  <testcase name="actionLabelCheckTest" time="0.058" classname="com.crm.qa.testscases.CompaniesPageTest"/>
  <testcase name="clickOnDealsLinkTest" time="0.258" classname="com.crm.qa.testscases.HomePageTest"/>
  <testcase name="incorrectPasswordloginPageTest" time="0.476" classname="com.crm.qa.testscases.LoginPageTest"/>
  <testcase name="clickOnTasksLinkTest" time="0.349" classname="com.crm.qa.testscases.HomePageTest"/>
  <testcase name="SignUpPageTest" time="1.783" classname="com.crm.qa.testscases.LoginPageTest"/>
  <testcase name="clickOnCasesLinkTest" time="0.3" classname="com.crm.qa.testscases.HomePageTest"/>
  <testcase name="clickOnCallsLinkTest" time="0.233" classname="com.crm.qa.testscases.HomePageTest"/>
  <testcase name="clickOnDocumentsLinkPageTest" time="0.179" classname="com.crm.qa.testscases.HomePageTest"/>
  <testcase name="clickOnEmailLinkPageTest" time="1.023" classname="com.crm.qa.testscases.HomePageTest"/>
  <testcase name="clickOnCampaignLinkPageTest" time="0.393" classname="com.crm.qa.testscases.HomePageTest"/>
  <testcase name="clickOnFormsPageLinkTest" time="0.559" classname="com.crm.qa.testscases.HomePageTest"/>
  <testcase name="clickOnCalenderLinkTest" time="0.0" classname="com.crm.qa.testscases.HomePageTest">
    <ignored/>
  </testcase> <!-- clickOnCalenderLinkTest -->
</testsuite> <!-- Test -->
