<?xml version="1.0" encoding="UTF-8"?>
<!-- Generated by org.testng.reporters.JUnitXMLReporter -->
<testsuite hostname="DESKTOP-BPNON4T" ignored="1" name="Test" tests="25" failures="0" timestamp="04 Nov 2020 13:35:32 GMT" time="278.578" errors="0">
  <testcase name="clickOnNewLinkTest" time="0.192" classname="com.crm.qa.testscases.CampaignsPageTest"/>
  <testcase name="createNewContactsTest" time="2.25" classname="com.crm.qa.testscases.ContactsPageTest"/>
  <testcase name="createNewContactsTest" time="1.922" classname="com.crm.qa.testscases.ContactsPageTest"/>
  <testcase name="createNewContactsTest" time="2.641" classname="com.crm.qa.testscases.ContactsPageTest"/>
  <testcase name="loginPageTitleTest" time="0.008" classname="com.crm.qa.testscases.LoginPageTest"/>
  <testcase name="clickOnCheckBoxTest" time="0.2" classname="com.crm.qa.testscases.DealsPageTest"/>
  <testcase name="selectMonthOnCalenderTest" time="0.297" classname="com.crm.qa.testscases.CalenderPageTest"/>
  <testcase name="selectNameCheckBoxTest" time="0.144" classname="com.crm.qa.testscases.CompaniesPageTest"/>
  <testcase name="clickOnContactsLinkTest" time="2.385" classname="com.crm.qa.testscases.HomePageTest"/>
  <testcase name="correctUserNameAndCorrectPasswordloginPageTest" time="1.446" classname="com.crm.qa.testscases.LoginPageTest"/>
  <testcase name="selectDeleteTest" time="0.256" classname="com.crm.qa.testscases.DealsPageTest"/>
  <testcase name="selectDeleteTest" time="0.26" classname="com.crm.qa.testscases.CompaniesPageTest"/>
  <testcase name="clickOnCompniesLinkTest" time="0.424" classname="com.crm.qa.testscases.HomePageTest"/>
  <testcase name="incorrectUserNameloginTest" time="0.494" classname="com.crm.qa.testscases.LoginPageTest"/>
  <testcase name="actionLabelCheckTest" time="0.28" classname="com.crm.qa.testscases.CompaniesPageTest"/>
  <testcase name="clickOnDealsLinkTest" time="0.56" classname="com.crm.qa.testscases.HomePageTest"/>
  <testcase name="incorrectPasswordloginPageTest" time="0.456" classname="com.crm.qa.testscases.LoginPageTest"/>
  <testcase name="clickOnTasksLinkTest" time="0.328" classname="com.crm.qa.testscases.HomePageTest"/>
  <testcase name="SignUpPageTest" time="1.995" classname="com.crm.qa.testscases.LoginPageTest"/>
  <testcase name="clickOnCasesLinkTest" time="0.328" classname="com.crm.qa.testscases.HomePageTest"/>
  <testcase name="clickOnCallsLinkTest" time="0.424" classname="com.crm.qa.testscases.HomePageTest"/>
  <testcase name="clickOnDocumentsLinkPageTest" time="0.288" classname="com.crm.qa.testscases.HomePageTest"/>
  <testcase name="clickOnEmailLinkPageTest" time="0.46" classname="com.crm.qa.testscases.HomePageTest"/>
  <testcase name="clickOnCampaignLinkPageTest" time="0.319" classname="com.crm.qa.testscases.HomePageTest"/>
  <testcase name="clickOnFormsPageLinkTest" time="0.408" classname="com.crm.qa.testscases.HomePageTest"/>
  <testcase name="clickOnCalenderLinkTest" time="0.0" classname="com.crm.qa.testscases.HomePageTest">
    <ignored/>
  </testcase> <!-- clickOnCalenderLinkTest -->
</testsuite> <!-- Test -->
