<?xml version="1.0" encoding="UTF-8"?>
<testng-results skipped="0" failed="1" ignored="1" total="26" passed="24">
  <reporter-output>
  </reporter-output>
  <suite name="Suite" duration-ms="308453" started-at="2020-10-06T11:35:23Z" finished-at="2020-10-06T11:40:31Z">
    <groups>
    </groups>
    <test name="Test" duration-ms="308453" started-at="2020-10-06T11:35:23Z" finished-at="2020-10-06T11:40:31Z">
      <class name="com.crm.qa.testscases.CompaniesPageTest">
        <test-method status="PASS" signature="setUp()[pri:0, instance:com.crm.qa.testscases.CompaniesPageTest@27c20538]" name="setUp" is-config="true" duration-ms="10795" started-at="2020-10-06T12:37:09Z" finished-at="2020-10-06T12:37:20Z">
          <reporter-output>
          </reporter-output>
        </test-method> <!-- setUp -->
        <test-method status="PASS" signature="selectNameCheckBoxTest()[pri:1, instance:com.crm.qa.testscases.CompaniesPageTest@27c20538]" name="selectNameCheckBoxTest" duration-ms="814" started-at="2020-10-06T12:37:20Z" finished-at="2020-10-06T12:37:21Z">
          <reporter-output>
          </reporter-output>
        </test-method> <!-- selectNameCheckBoxTest -->
        <test-method status="PASS" signature="tearDown()[pri:0, instance:com.crm.qa.testscases.CompaniesPageTest@27c20538]" name="tearDown" is-config="true" duration-ms="772" started-at="2020-10-06T12:37:21Z" finished-at="2020-10-06T12:37:22Z">
          <reporter-output>
          </reporter-output>
        </test-method> <!-- tearDown -->
        <test-method status="PASS" signature="setUp()[pri:0, instance:com.crm.qa.testscases.CompaniesPageTest@27c20538]" name="setUp" is-config="true" duration-ms="10098" started-at="2020-10-06T12:37:58Z" finished-at="2020-10-06T12:38:08Z">
          <reporter-output>
          </reporter-output>
        </test-method> <!-- setUp -->
        <test-method status="PASS" signature="selectDeleteTest()[pri:2, instance:com.crm.qa.testscases.CompaniesPageTest@27c20538]" name="selectDeleteTest" duration-ms="213" started-at="2020-10-06T12:38:08Z" finished-at="2020-10-06T12:38:08Z">
          <reporter-output>
          </reporter-output>
        </test-method> <!-- selectDeleteTest -->
        <test-method status="PASS" signature="tearDown()[pri:0, instance:com.crm.qa.testscases.CompaniesPageTest@27c20538]" name="tearDown" is-config="true" duration-ms="949" started-at="2020-10-06T12:38:08Z" finished-at="2020-10-06T12:38:09Z">
          <reporter-output>
          </reporter-output>
        </test-method> <!-- tearDown -->
        <test-method status="PASS" signature="setUp()[pri:0, instance:com.crm.qa.testscases.CompaniesPageTest@27c20538]" name="setUp" is-config="true" duration-ms="10120" started-at="2020-10-06T12:38:29Z" finished-at="2020-10-06T12:38:39Z">
          <reporter-output>
          </reporter-output>
        </test-method> <!-- setUp -->
        <test-method status="PASS" signature="actionLabelCheckTest()[pri:3, instance:com.crm.qa.testscases.CompaniesPageTest@27c20538]" name="actionLabelCheckTest" duration-ms="50" started-at="2020-10-06T12:38:39Z" finished-at="2020-10-06T12:38:39Z">
          <reporter-output>
          </reporter-output>
        </test-method> <!-- actionLabelCheckTest -->
        <test-method status="PASS" signature="tearDown()[pri:0, instance:com.crm.qa.testscases.CompaniesPageTest@27c20538]" name="tearDown" is-config="true" duration-ms="759" started-at="2020-10-06T12:38:39Z" finished-at="2020-10-06T12:38:40Z">
          <reporter-output>
          </reporter-output>
        </test-method> <!-- tearDown -->
      </class> <!-- com.crm.qa.testscases.CompaniesPageTest -->
      <class name="com.crm.qa.testscases.CalenderPageTest">
        <test-method status="PASS" signature="setUp()[pri:0, instance:com.crm.qa.testscases.CalenderPageTest@56ac3a89]" name="setUp" is-config="true" duration-ms="10095" started-at="2020-10-06T12:36:38Z" finished-at="2020-10-06T12:36:48Z">
          <reporter-output>
          </reporter-output>
        </test-method> <!-- setUp -->
        <test-method status="FAIL" signature="selectMonthOnCalenderTest()[pri:1, instance:com.crm.qa.testscases.CalenderPageTest@56ac3a89]" name="selectMonthOnCalenderTest" duration-ms="20823" started-at="2020-10-06T12:36:48Z" finished-at="2020-10-06T12:37:09Z">
          <exception class="org.openqa.selenium.NoSuchElementException">
            <message>
              <![CDATA[no such element: Unable to locate element: {"method":"xpath","selector":"//span[@class='rbc-toolbar-label'][text()='0002 Oct 02']"}
  (Session info: chrome=85.0.4183.121)
For documentation on this error, please visit: http://seleniumhq.org/exceptions/no_such_element.html
Build info: version: '3.14.0', revision: 'aacccce0', time: '2018-08-02T20:19:58.91Z'
System info: host: 'DESKTOP-BPNON4T', ip: '192.168.0.28', os.name: 'Windows 10', os.arch: 'amd64', os.version: '10.0', java.version: '1.8.0_241'
Driver info: org.openqa.selenium.chrome.ChromeDriver
Capabilities {acceptInsecureCerts: false, browserName: chrome, browserVersion: 85.0.4183.121, chrome: {chromedriverVersion: 85.0.4183.87 (cd6713ebf92fa..., userDataDir: C:\Users\hetal\AppData\Loca...}, goog:chromeOptions: {debuggerAddress: localhost:54842}, javascriptEnabled: true, networkConnectionEnabled: false, pageLoadStrategy: normal, platform: WINDOWS, platformName: WINDOWS, proxy: Proxy(), setWindowRect: true, strictFileInteractability: false, timeouts: {implicit: 0, pageLoad: 300000, script: 30000}, unhandledPromptBehavior: dismiss and notify, webauthn:virtualAuthenticators: true}
Session ID: ca5803f35766b576a3249e8f829e6993
*** Element info: {Using=xpath, value=//span[@class='rbc-toolbar-label'][text()='0002 Oct 02']}]]>
            </message>
            <full-stacktrace>
              <![CDATA[org.openqa.selenium.NoSuchElementException: no such element: Unable to locate element: {"method":"xpath","selector":"//span[@class='rbc-toolbar-label'][text()='0002 Oct 02']"}
  (Session info: chrome=85.0.4183.121)
For documentation on this error, please visit: http://seleniumhq.org/exceptions/no_such_element.html
Build info: version: '3.14.0', revision: 'aacccce0', time: '2018-08-02T20:19:58.91Z'
System info: host: 'DESKTOP-BPNON4T', ip: '192.168.0.28', os.name: 'Windows 10', os.arch: 'amd64', os.version: '10.0', java.version: '1.8.0_241'
Driver info: org.openqa.selenium.chrome.ChromeDriver
Capabilities {acceptInsecureCerts: false, browserName: chrome, browserVersion: 85.0.4183.121, chrome: {chromedriverVersion: 85.0.4183.87 (cd6713ebf92fa..., userDataDir: C:\Users\hetal\AppData\Loca...}, goog:chromeOptions: {debuggerAddress: localhost:54842}, javascriptEnabled: true, networkConnectionEnabled: false, pageLoadStrategy: normal, platform: WINDOWS, platformName: WINDOWS, proxy: Proxy(), setWindowRect: true, strictFileInteractability: false, timeouts: {implicit: 0, pageLoad: 300000, script: 30000}, unhandledPromptBehavior: dismiss and notify, webauthn:virtualAuthenticators: true}
Session ID: ca5803f35766b576a3249e8f829e6993
*** Element info: {Using=xpath, value=//span[@class='rbc-toolbar-label'][text()='0002 Oct 02']}
	at sun.reflect.NativeConstructorAccessorImpl.newInstance0(Native Method)
	at sun.reflect.NativeConstructorAccessorImpl.newInstance(NativeConstructorAccessorImpl.java:62)
	at sun.reflect.DelegatingConstructorAccessorImpl.newInstance(DelegatingConstructorAccessorImpl.java:45)
	at java.lang.reflect.Constructor.newInstance(Constructor.java:423)
	at org.openqa.selenium.remote.http.W3CHttpResponseCodec.createException(W3CHttpResponseCodec.java:187)
	at org.openqa.selenium.remote.http.W3CHttpResponseCodec.decode(W3CHttpResponseCodec.java:122)
	at org.openqa.selenium.remote.http.W3CHttpResponseCodec.decode(W3CHttpResponseCodec.java:49)
	at org.openqa.selenium.remote.HttpCommandExecutor.execute(HttpCommandExecutor.java:158)
	at org.openqa.selenium.remote.service.DriverCommandExecutor.execute(DriverCommandExecutor.java:83)
	at org.openqa.selenium.remote.RemoteWebDriver.execute(RemoteWebDriver.java:548)
	at org.openqa.selenium.remote.RemoteWebDriver.findElement(RemoteWebDriver.java:322)
	at org.openqa.selenium.remote.RemoteWebDriver.findElementByXPath(RemoteWebDriver.java:424)
	at org.openqa.selenium.By$ByXPath.findElement(By.java:353)
	at org.openqa.selenium.remote.RemoteWebDriver.findElement(RemoteWebDriver.java:314)
	at sun.reflect.GeneratedMethodAccessor2.invoke(Unknown Source)
	at sun.reflect.DelegatingMethodAccessorImpl.invoke(DelegatingMethodAccessorImpl.java:43)
	at java.lang.reflect.Method.invoke(Method.java:498)
	at org.openqa.selenium.support.events.EventFiringWebDriver.lambda$new$1(EventFiringWebDriver.java:105)
	at com.sun.proxy.$Proxy8.findElement(Unknown Source)
	at org.openqa.selenium.support.events.EventFiringWebDriver.findElement(EventFiringWebDriver.java:194)
	at org.openqa.selenium.support.pagefactory.DefaultElementLocator.findElement(DefaultElementLocator.java:69)
	at org.openqa.selenium.support.pagefactory.internal.LocatingElementHandler.invoke(LocatingElementHandler.java:38)
	at com.sun.proxy.$Proxy12.isEnabled(Unknown Source)
	at com.crm.qa.pages.CalenderPage.selectMonthOnCalender(CalenderPage.java:38)
	at com.crm.qa.testscases.CalenderPageTest.selectMonthOnCalenderTest(CalenderPageTest.java:37)
	at sun.reflect.NativeMethodAccessorImpl.invoke0(Native Method)
	at sun.reflect.NativeMethodAccessorImpl.invoke(NativeMethodAccessorImpl.java:62)
	at sun.reflect.DelegatingMethodAccessorImpl.invoke(DelegatingMethodAccessorImpl.java:43)
	at java.lang.reflect.Method.invoke(Method.java:498)
	at org.testng.internal.MethodInvocationHelper.invokeMethod(MethodInvocationHelper.java:108)
	at org.testng.internal.Invoker.invokeMethod(Invoker.java:661)
	at org.testng.internal.Invoker.invokeTestMethod(Invoker.java:869)
	at org.testng.internal.Invoker.invokeTestMethods(Invoker.java:1193)
	at org.testng.internal.TestMethodWorker.invokeTestMethods(TestMethodWorker.java:126)
	at org.testng.internal.TestMethodWorker.run(TestMethodWorker.java:109)
	at java.util.concurrent.ThreadPoolExecutor.runWorker(ThreadPoolExecutor.java:1149)
	at java.util.concurrent.ThreadPoolExecutor$Worker.run(ThreadPoolExecutor.java:624)
	at java.lang.Thread.run(Thread.java:748)
]]>
            </full-stacktrace>
          </exception> <!-- org.openqa.selenium.NoSuchElementException -->
          <reporter-output>
          </reporter-output>
        </test-method> <!-- selectMonthOnCalenderTest -->
        <test-method status="PASS" signature="tearDown()[pri:0, instance:com.crm.qa.testscases.CalenderPageTest@56ac3a89]" name="tearDown" is-config="true" duration-ms="712" started-at="2020-10-06T12:37:09Z" finished-at="2020-10-06T12:37:09Z">
          <reporter-output>
          </reporter-output>
        </test-method> <!-- tearDown -->
      </class> <!-- com.crm.qa.testscases.CalenderPageTest -->
      <class name="com.crm.qa.testscases.CampaignsPageTest">
        <test-method status="PASS" signature="setUp()[pri:0, instance:com.crm.qa.testscases.CampaignsPageTest@490ab905]" name="setUp" is-config="true" duration-ms="12259" started-at="2020-10-06T12:35:23Z" finished-at="2020-10-06T12:35:35Z">
          <reporter-output>
          </reporter-output>
        </test-method> <!-- setUp -->
        <test-method status="PASS" signature="clickOnNewLinkTest()[pri:0, instance:com.crm.qa.testscases.CampaignsPageTest@490ab905]" name="clickOnNewLinkTest" duration-ms="174" started-at="2020-10-06T12:35:35Z" finished-at="2020-10-06T12:35:35Z">
          <reporter-output>
          </reporter-output>
        </test-method> <!-- clickOnNewLinkTest -->
        <test-method status="PASS" signature="tearDown()[pri:0, instance:com.crm.qa.testscases.CampaignsPageTest@490ab905]" name="tearDown" is-config="true" duration-ms="964" started-at="2020-10-06T12:35:35Z" finished-at="2020-10-06T12:35:36Z">
          <reporter-output>
          </reporter-output>
        </test-method> <!-- tearDown -->
      </class> <!-- com.crm.qa.testscases.CampaignsPageTest -->
      <class name="com.crm.qa.testscases.HomePageTest">
        <test-method status="PASS" signature="setUp()[pri:0, instance:com.crm.qa.testscases.HomePageTest@5f2108b5]" name="setUp" is-config="true" duration-ms="9565" started-at="2020-10-06T12:37:22Z" finished-at="2020-10-06T12:37:31Z">
          <reporter-output>
          </reporter-output>
        </test-method> <!-- setUp -->
        <test-method status="PASS" signature="clickOnContactsLinkTest()[pri:2, instance:com.crm.qa.testscases.HomePageTest@5f2108b5]" name="clickOnContactsLinkTest" duration-ms="2319" started-at="2020-10-06T12:37:31Z" finished-at="2020-10-06T12:37:34Z">
          <reporter-output>
          </reporter-output>
        </test-method> <!-- clickOnContactsLinkTest -->
        <test-method status="PASS" signature="tearDown()[pri:0, instance:com.crm.qa.testscases.HomePageTest@5f2108b5]" name="tearDown" is-config="true" duration-ms="755" started-at="2020-10-06T12:37:34Z" finished-at="2020-10-06T12:37:34Z">
          <reporter-output>
          </reporter-output>
        </test-method> <!-- tearDown -->
        <test-method status="PASS" signature="setUp()[pri:0, instance:com.crm.qa.testscases.HomePageTest@5f2108b5]" name="setUp" is-config="true" duration-ms="10159" started-at="2020-10-06T12:38:09Z" finished-at="2020-10-06T12:38:19Z">
          <reporter-output>
          </reporter-output>
        </test-method> <!-- setUp -->
        <test-method status="PASS" signature="clickOnCompniesLinkTest()[pri:3, instance:com.crm.qa.testscases.HomePageTest@5f2108b5]" name="clickOnCompniesLinkTest" duration-ms="267" started-at="2020-10-06T12:38:19Z" finished-at="2020-10-06T12:38:19Z">
          <reporter-output>
          </reporter-output>
        </test-method> <!-- clickOnCompniesLinkTest -->
        <test-method status="PASS" signature="tearDown()[pri:0, instance:com.crm.qa.testscases.HomePageTest@5f2108b5]" name="tearDown" is-config="true" duration-ms="717" started-at="2020-10-06T12:38:19Z" finished-at="2020-10-06T12:38:20Z">
          <reporter-output>
          </reporter-output>
        </test-method> <!-- tearDown -->
        <test-method status="PASS" signature="setUp()[pri:0, instance:com.crm.qa.testscases.HomePageTest@5f2108b5]" name="setUp" is-config="true" duration-ms="10195" started-at="2020-10-06T12:38:40Z" finished-at="2020-10-06T12:38:50Z">
          <reporter-output>
          </reporter-output>
        </test-method> <!-- setUp -->
        <test-method status="PASS" signature="clickOnDealsLinkTest()[pri:4, instance:com.crm.qa.testscases.HomePageTest@5f2108b5]" name="clickOnDealsLinkTest" duration-ms="363" started-at="2020-10-06T12:38:50Z" finished-at="2020-10-06T12:38:50Z">
          <reporter-output>
          </reporter-output>
        </test-method> <!-- clickOnDealsLinkTest -->
        <test-method status="PASS" signature="tearDown()[pri:0, instance:com.crm.qa.testscases.HomePageTest@5f2108b5]" name="tearDown" is-config="true" duration-ms="777" started-at="2020-10-06T12:38:50Z" finished-at="2020-10-06T12:38:51Z">
          <reporter-output>
          </reporter-output>
        </test-method> <!-- tearDown -->
        <test-method status="PASS" signature="setUp()[pri:0, instance:com.crm.qa.testscases.HomePageTest@5f2108b5]" name="setUp" is-config="true" duration-ms="9915" started-at="2020-10-06T12:39:00Z" finished-at="2020-10-06T12:39:10Z">
          <reporter-output>
          </reporter-output>
        </test-method> <!-- setUp -->
        <test-method status="PASS" signature="clickOnTasksLinkTest()[pri:5, instance:com.crm.qa.testscases.HomePageTest@5f2108b5]" name="clickOnTasksLinkTest" duration-ms="322" started-at="2020-10-06T12:39:10Z" finished-at="2020-10-06T12:39:10Z">
          <reporter-output>
          </reporter-output>
        </test-method> <!-- clickOnTasksLinkTest -->
        <test-method status="PASS" signature="tearDown()[pri:0, instance:com.crm.qa.testscases.HomePageTest@5f2108b5]" name="tearDown" is-config="true" duration-ms="762" started-at="2020-10-06T12:39:10Z" finished-at="2020-10-06T12:39:11Z">
          <reporter-output>
          </reporter-output>
        </test-method> <!-- tearDown -->
        <test-method status="PASS" signature="setUp()[pri:0, instance:com.crm.qa.testscases.HomePageTest@5f2108b5]" name="setUp" is-config="true" duration-ms="9805" started-at="2020-10-06T12:39:22Z" finished-at="2020-10-06T12:39:32Z">
          <reporter-output>
          </reporter-output>
        </test-method> <!-- setUp -->
        <test-method status="PASS" signature="clickOnCasesLinkTest()[pri:6, instance:com.crm.qa.testscases.HomePageTest@5f2108b5]" name="clickOnCasesLinkTest" duration-ms="331" started-at="2020-10-06T12:39:32Z" finished-at="2020-10-06T12:39:32Z">
          <reporter-output>
          </reporter-output>
        </test-method> <!-- clickOnCasesLinkTest -->
        <test-method status="PASS" signature="tearDown()[pri:0, instance:com.crm.qa.testscases.HomePageTest@5f2108b5]" name="tearDown" is-config="true" duration-ms="1597" started-at="2020-10-06T12:39:32Z" finished-at="2020-10-06T12:39:34Z">
          <reporter-output>
          </reporter-output>
        </test-method> <!-- tearDown -->
        <test-method status="PASS" signature="setUp()[pri:0, instance:com.crm.qa.testscases.HomePageTest@5f2108b5]" name="setUp" is-config="true" duration-ms="10249" started-at="2020-10-06T12:39:34Z" finished-at="2020-10-06T12:39:44Z">
          <reporter-output>
          </reporter-output>
        </test-method> <!-- setUp -->
        <test-method status="PASS" signature="clickOnCallsLinkTest()[pri:7, instance:com.crm.qa.testscases.HomePageTest@5f2108b5]" name="clickOnCallsLinkTest" duration-ms="372" started-at="2020-10-06T12:39:44Z" finished-at="2020-10-06T12:39:44Z">
          <reporter-output>
          </reporter-output>
        </test-method> <!-- clickOnCallsLinkTest -->
        <test-method status="PASS" signature="tearDown()[pri:0, instance:com.crm.qa.testscases.HomePageTest@5f2108b5]" name="tearDown" is-config="true" duration-ms="1133" started-at="2020-10-06T12:39:44Z" finished-at="2020-10-06T12:39:45Z">
          <reporter-output>
          </reporter-output>
        </test-method> <!-- tearDown -->
        <test-method status="PASS" signature="setUp()[pri:0, instance:com.crm.qa.testscases.HomePageTest@5f2108b5]" name="setUp" is-config="true" duration-ms="9431" started-at="2020-10-06T12:39:45Z" finished-at="2020-10-06T12:39:55Z">
          <reporter-output>
          </reporter-output>
        </test-method> <!-- setUp -->
        <test-method status="PASS" signature="clickOnDocumentsLinkPageTest()[pri:8, instance:com.crm.qa.testscases.HomePageTest@5f2108b5]" name="clickOnDocumentsLinkPageTest" duration-ms="191" started-at="2020-10-06T12:39:55Z" finished-at="2020-10-06T12:39:55Z">
          <reporter-output>
          </reporter-output>
        </test-method> <!-- clickOnDocumentsLinkPageTest -->
        <test-method status="PASS" signature="tearDown()[pri:0, instance:com.crm.qa.testscases.HomePageTest@5f2108b5]" name="tearDown" is-config="true" duration-ms="712" started-at="2020-10-06T12:39:55Z" finished-at="2020-10-06T12:39:56Z">
          <reporter-output>
          </reporter-output>
        </test-method> <!-- tearDown -->
        <test-method status="PASS" signature="setUp()[pri:0, instance:com.crm.qa.testscases.HomePageTest@5f2108b5]" name="setUp" is-config="true" duration-ms="9620" started-at="2020-10-06T12:39:56Z" finished-at="2020-10-06T12:40:05Z">
          <reporter-output>
          </reporter-output>
        </test-method> <!-- setUp -->
        <test-method status="PASS" signature="clickOnEmailLinkPageTest()[pri:9, instance:com.crm.qa.testscases.HomePageTest@5f2108b5]" name="clickOnEmailLinkPageTest" duration-ms="409" started-at="2020-10-06T12:40:05Z" finished-at="2020-10-06T12:40:06Z">
          <reporter-output>
          </reporter-output>
        </test-method> <!-- clickOnEmailLinkPageTest -->
        <test-method status="PASS" signature="tearDown()[pri:0, instance:com.crm.qa.testscases.HomePageTest@5f2108b5]" name="tearDown" is-config="true" duration-ms="730" started-at="2020-10-06T12:40:06Z" finished-at="2020-10-06T12:40:07Z">
          <reporter-output>
          </reporter-output>
        </test-method> <!-- tearDown -->
        <test-method status="PASS" signature="setUp()[pri:0, instance:com.crm.qa.testscases.HomePageTest@5f2108b5]" name="setUp" is-config="true" duration-ms="10084" started-at="2020-10-06T12:40:07Z" finished-at="2020-10-06T12:40:17Z">
          <reporter-output>
          </reporter-output>
        </test-method> <!-- setUp -->
        <test-method status="PASS" signature="clickOnCampaignLinkPageTest()[pri:10, instance:com.crm.qa.testscases.HomePageTest@5f2108b5]" name="clickOnCampaignLinkPageTest" duration-ms="360" started-at="2020-10-06T12:40:17Z" finished-at="2020-10-06T12:40:17Z">
          <reporter-output>
          </reporter-output>
        </test-method> <!-- clickOnCampaignLinkPageTest -->
        <test-method status="PASS" signature="tearDown()[pri:0, instance:com.crm.qa.testscases.HomePageTest@5f2108b5]" name="tearDown" is-config="true" duration-ms="1354" started-at="2020-10-06T12:40:17Z" finished-at="2020-10-06T12:40:18Z">
          <reporter-output>
          </reporter-output>
        </test-method> <!-- tearDown -->
        <test-method status="PASS" signature="setUp()[pri:0, instance:com.crm.qa.testscases.HomePageTest@5f2108b5]" name="setUp" is-config="true" duration-ms="11872" started-at="2020-10-06T12:40:18Z" finished-at="2020-10-06T12:40:30Z">
          <reporter-output>
          </reporter-output>
        </test-method> <!-- setUp -->
        <test-method status="PASS" signature="clickOnFormsPageLinkTest()[pri:11, instance:com.crm.qa.testscases.HomePageTest@5f2108b5]" name="clickOnFormsPageLinkTest" duration-ms="272" started-at="2020-10-06T12:40:30Z" finished-at="2020-10-06T12:40:30Z">
          <reporter-output>
          </reporter-output>
        </test-method> <!-- clickOnFormsPageLinkTest -->
        <test-method status="PASS" signature="tearDown()[pri:0, instance:com.crm.qa.testscases.HomePageTest@5f2108b5]" name="tearDown" is-config="true" duration-ms="728" started-at="2020-10-06T12:40:30Z" finished-at="2020-10-06T12:40:31Z">
          <reporter-output>
          </reporter-output>
        </test-method> <!-- tearDown -->
      </class> <!-- com.crm.qa.testscases.HomePageTest -->
      <class name="com.crm.qa.testscases.LoginPageTest">
        <test-method status="PASS" signature="setUp()[pri:0, instance:com.crm.qa.testscases.LoginPageTest@3f49dace]" name="setUp" is-config="true" duration-ms="7373" started-at="2020-10-06T12:36:18Z" finished-at="2020-10-06T12:36:26Z">
          <reporter-output>
          </reporter-output>
        </test-method> <!-- setUp -->
        <test-method status="PASS" signature="loginPageTitleTest()[pri:1, instance:com.crm.qa.testscases.LoginPageTest@3f49dace]" name="loginPageTitleTest" duration-ms="13" started-at="2020-10-06T12:36:26Z" finished-at="2020-10-06T12:36:26Z">
          <reporter-output>
          </reporter-output>
        </test-method> <!-- loginPageTitleTest -->
        <test-method status="PASS" signature="tearDown()[pri:0, instance:com.crm.qa.testscases.LoginPageTest@3f49dace]" name="tearDown" is-config="true" duration-ms="671" started-at="2020-10-06T12:36:26Z" finished-at="2020-10-06T12:36:26Z">
          <reporter-output>
          </reporter-output>
        </test-method> <!-- tearDown -->
        <test-method status="PASS" signature="setUp()[pri:0, instance:com.crm.qa.testscases.LoginPageTest@3f49dace]" name="setUp" is-config="true" duration-ms="7395" started-at="2020-10-06T12:37:34Z" finished-at="2020-10-06T12:37:42Z">
          <reporter-output>
          </reporter-output>
        </test-method> <!-- setUp -->
        <test-method status="PASS" signature="correctUserNameAndCorrectPasswordloginPageTest()[pri:2, instance:com.crm.qa.testscases.LoginPageTest@3f49dace]" name="correctUserNameAndCorrectPasswordloginPageTest" duration-ms="2164" started-at="2020-10-06T12:37:42Z" finished-at="2020-10-06T12:37:44Z">
          <reporter-output>
          </reporter-output>
        </test-method> <!-- correctUserNameAndCorrectPasswordloginPageTest -->
        <test-method status="PASS" signature="tearDown()[pri:0, instance:com.crm.qa.testscases.LoginPageTest@3f49dace]" name="tearDown" is-config="true" duration-ms="735" started-at="2020-10-06T12:37:44Z" finished-at="2020-10-06T12:37:45Z">
          <reporter-output>
          </reporter-output>
        </test-method> <!-- tearDown -->
        <test-method status="PASS" signature="setUp()[pri:0, instance:com.crm.qa.testscases.LoginPageTest@3f49dace]" name="setUp" is-config="true" duration-ms="7650" started-at="2020-10-06T12:38:20Z" finished-at="2020-10-06T12:38:28Z">
          <reporter-output>
          </reporter-output>
        </test-method> <!-- setUp -->
        <test-method status="PASS" signature="incorrectUserNameloginTest()[pri:3, instance:com.crm.qa.testscases.LoginPageTest@3f49dace]" name="incorrectUserNameloginTest" duration-ms="404" started-at="2020-10-06T12:38:28Z" finished-at="2020-10-06T12:38:28Z">
          <reporter-output>
          </reporter-output>
        </test-method> <!-- incorrectUserNameloginTest -->
        <test-method status="PASS" signature="tearDown()[pri:0, instance:com.crm.qa.testscases.LoginPageTest@3f49dace]" name="tearDown" is-config="true" duration-ms="682" started-at="2020-10-06T12:38:28Z" finished-at="2020-10-06T12:38:29Z">
          <reporter-output>
          </reporter-output>
        </test-method> <!-- tearDown -->
        <test-method status="PASS" signature="setUp()[pri:0, instance:com.crm.qa.testscases.LoginPageTest@3f49dace]" name="setUp" is-config="true" duration-ms="7922" started-at="2020-10-06T12:38:51Z" finished-at="2020-10-06T12:38:59Z">
          <reporter-output>
          </reporter-output>
        </test-method> <!-- setUp -->
        <test-method status="PASS" signature="incorrectPasswordloginPageTest()[pri:4, instance:com.crm.qa.testscases.LoginPageTest@3f49dace]" name="incorrectPasswordloginPageTest" duration-ms="410" started-at="2020-10-06T12:38:59Z" finished-at="2020-10-06T12:38:59Z">
          <reporter-output>
          </reporter-output>
        </test-method> <!-- incorrectPasswordloginPageTest -->
        <test-method status="PASS" signature="tearDown()[pri:0, instance:com.crm.qa.testscases.LoginPageTest@3f49dace]" name="tearDown" is-config="true" duration-ms="689" started-at="2020-10-06T12:38:59Z" finished-at="2020-10-06T12:39:00Z">
          <reporter-output>
          </reporter-output>
        </test-method> <!-- tearDown -->
        <test-method status="PASS" signature="setUp()[pri:0, instance:com.crm.qa.testscases.LoginPageTest@3f49dace]" name="setUp" is-config="true" duration-ms="7748" started-at="2020-10-06T12:39:11Z" finished-at="2020-10-06T12:39:19Z">
          <reporter-output>
          </reporter-output>
        </test-method> <!-- setUp -->
        <test-method status="PASS" signature="SignUpPageTest()[pri:5, instance:com.crm.qa.testscases.LoginPageTest@3f49dace]" name="SignUpPageTest" duration-ms="1808" started-at="2020-10-06T12:39:19Z" finished-at="2020-10-06T12:39:21Z">
          <reporter-output>
          </reporter-output>
        </test-method> <!-- SignUpPageTest -->
        <test-method status="PASS" signature="tearDown()[pri:0, instance:com.crm.qa.testscases.LoginPageTest@3f49dace]" name="tearDown" is-config="true" duration-ms="1381" started-at="2020-10-06T12:39:21Z" finished-at="2020-10-06T12:39:22Z">
          <reporter-output>
          </reporter-output>
        </test-method> <!-- tearDown -->
      </class> <!-- com.crm.qa.testscases.LoginPageTest -->
      <class name="com.crm.qa.testscases.DealsPageTest">
        <test-method status="PASS" signature="setUp()[pri:0, instance:com.crm.qa.testscases.DealsPageTest@1e397ed7]" name="setUp" is-config="true" duration-ms="10285" started-at="2020-10-06T12:36:26Z" finished-at="2020-10-06T12:36:37Z">
          <reporter-output>
          </reporter-output>
        </test-method> <!-- setUp -->
        <test-method status="PASS" signature="clickOnCheckBoxTest()[pri:1, instance:com.crm.qa.testscases.DealsPageTest@1e397ed7]" name="clickOnCheckBoxTest" duration-ms="126" started-at="2020-10-06T12:36:37Z" finished-at="2020-10-06T12:36:37Z">
          <reporter-output>
          </reporter-output>
        </test-method> <!-- clickOnCheckBoxTest -->
        <test-method status="PASS" signature="tearDown()[pri:0, instance:com.crm.qa.testscases.DealsPageTest@1e397ed7]" name="tearDown" is-config="true" duration-ms="734" started-at="2020-10-06T12:36:37Z" finished-at="2020-10-06T12:36:38Z">
          <reporter-output>
          </reporter-output>
        </test-method> <!-- tearDown -->
        <test-method status="PASS" signature="setUp()[pri:0, instance:com.crm.qa.testscases.DealsPageTest@1e397ed7]" name="setUp" is-config="true" duration-ms="12007" started-at="2020-10-06T12:37:45Z" finished-at="2020-10-06T12:37:57Z">
          <reporter-output>
          </reporter-output>
        </test-method> <!-- setUp -->
        <test-method status="PASS" signature="selectDeleteTest()[pri:2, instance:com.crm.qa.testscases.DealsPageTest@1e397ed7]" name="selectDeleteTest" duration-ms="237" started-at="2020-10-06T12:37:57Z" finished-at="2020-10-06T12:37:57Z">
          <reporter-output>
          </reporter-output>
        </test-method> <!-- selectDeleteTest -->
        <test-method status="PASS" signature="tearDown()[pri:0, instance:com.crm.qa.testscases.DealsPageTest@1e397ed7]" name="tearDown" is-config="true" duration-ms="720" started-at="2020-10-06T12:37:57Z" finished-at="2020-10-06T12:37:58Z">
          <reporter-output>
          </reporter-output>
        </test-method> <!-- tearDown -->
      </class> <!-- com.crm.qa.testscases.DealsPageTest -->
      <class name="com.crm.qa.testscases.ContactsPageTest">
        <test-method status="PASS" signature="setUp()[pri:0, instance:com.crm.qa.testscases.ContactsPageTest@31a5c39e]" name="setUp" is-config="true" duration-ms="10645" started-at="2020-10-06T12:35:37Z" finished-at="2020-10-06T12:35:48Z">
          <reporter-output>
          </reporter-output>
        </test-method> <!-- setUp -->
        <test-method status="PASS" signature="createNewContactsTest(java.lang.String, java.lang.String, java.lang.String, java.lang.String)[pri:1, instance:com.crm.qa.testscases.ContactsPageTest@31a5c39e]" name="createNewContactsTest" duration-ms="2100" started-at="2020-10-06T12:35:48Z" data-provider="getCRMTestData" finished-at="2020-10-06T12:35:50Z">
          <params>
            <param index="0">
              <value>
                <![CDATA[matt]]>
              </value>
            </param>
            <param index="1">
              <value>
                <![CDATA[girt]]>
              </value>
            </param>
            <param index="2">
              <value>
                <![CDATA[hose]]>
              </value>
            </param>
            <param index="3">
              <value>
                <![CDATA[google]]>
              </value>
            </param>
          </params>
          <reporter-output>
          </reporter-output>
        </test-method> <!-- createNewContactsTest -->
        <test-method status="PASS" signature="tearDown()[pri:0, instance:com.crm.qa.testscases.ContactsPageTest@31a5c39e]" name="tearDown" is-config="true" duration-ms="732" started-at="2020-10-06T12:35:50Z" finished-at="2020-10-06T12:35:51Z">
          <reporter-output>
          </reporter-output>
        </test-method> <!-- tearDown -->
        <test-method status="PASS" signature="setUp()[pri:0, instance:com.crm.qa.testscases.ContactsPageTest@31a5c39e]" name="setUp" is-config="true" duration-ms="11356" started-at="2020-10-06T12:35:51Z" finished-at="2020-10-06T12:36:02Z">
          <reporter-output>
          </reporter-output>
        </test-method> <!-- setUp -->
        <test-method status="PASS" signature="createNewContactsTest(java.lang.String, java.lang.String, java.lang.String, java.lang.String)[pri:1, instance:com.crm.qa.testscases.ContactsPageTest@31a5c39e]" name="createNewContactsTest" duration-ms="2144" started-at="2020-10-06T12:36:02Z" data-provider="getCRMTestData" finished-at="2020-10-06T12:36:04Z">
          <params>
            <param index="0">
              <value>
                <![CDATA[colin]]>
              </value>
            </param>
            <param index="1">
              <value>
                <![CDATA[munn]]>
              </value>
            </param>
            <param index="2">
              <value>
                <![CDATA[robin]]>
              </value>
            </param>
            <param index="3">
              <value>
                <![CDATA[amazone]]>
              </value>
            </param>
          </params>
          <reporter-output>
          </reporter-output>
        </test-method> <!-- createNewContactsTest -->
        <test-method status="PASS" signature="tearDown()[pri:0, instance:com.crm.qa.testscases.ContactsPageTest@31a5c39e]" name="tearDown" is-config="true" duration-ms="766" started-at="2020-10-06T12:36:04Z" finished-at="2020-10-06T12:36:05Z">
          <reporter-output>
          </reporter-output>
        </test-method> <!-- tearDown -->
        <test-method status="PASS" signature="setUp()[pri:0, instance:com.crm.qa.testscases.ContactsPageTest@31a5c39e]" name="setUp" is-config="true" duration-ms="10320" started-at="2020-10-06T12:36:05Z" finished-at="2020-10-06T12:36:15Z">
          <reporter-output>
          </reporter-output>
        </test-method> <!-- setUp -->
        <test-method status="PASS" signature="createNewContactsTest(java.lang.String, java.lang.String, java.lang.String, java.lang.String)[pri:1, instance:com.crm.qa.testscases.ContactsPageTest@31a5c39e]" name="createNewContactsTest" duration-ms="2618" started-at="2020-10-06T12:36:15Z" data-provider="getCRMTestData" finished-at="2020-10-06T12:36:18Z">
          <params>
            <param index="0">
              <value>
                <![CDATA[mattew]]>
              </value>
            </param>
            <param index="1">
              <value>
                <![CDATA[hayden]]>
              </value>
            </param>
            <param index="2">
              <value>
                <![CDATA[Dominic]]>
              </value>
            </param>
            <param index="3">
              <value>
                <![CDATA[Channel 9]]>
              </value>
            </param>
          </params>
          <reporter-output>
          </reporter-output>
        </test-method> <!-- createNewContactsTest -->
        <test-method status="PASS" signature="tearDown()[pri:0, instance:com.crm.qa.testscases.ContactsPageTest@31a5c39e]" name="tearDown" is-config="true" duration-ms="714" started-at="2020-10-06T12:36:18Z" finished-at="2020-10-06T12:36:18Z">
          <reporter-output>
          </reporter-output>
        </test-method> <!-- tearDown -->
      </class> <!-- com.crm.qa.testscases.ContactsPageTest -->
    </test> <!-- Test -->
  </suite> <!-- Suite -->
</testng-results>
